<?xml version="1.0" encoding="UTF-8"?>
<!-- Generated by org.testng.reporters.JUnitXMLReporter -->
<testsuite hostname="lnhua" name="Login successfully" tests="2" failures="0" timestamp="21 Aug 2019 10:46:36 GMT" time="0.055" errors="0">
  <testcase name="@BeforeTest setUp" time="0.0" classname="com.testauto.container.test.LoginPpTest">
    <failure type="java.net.MalformedURLException" message="unknown protocol: hhttp">
      <![CDATA[java.net.MalformedURLException: unknown protocol: hhttp
	at java.net.URL.<init>(URL.java:600)
	at java.net.URL.<init>(URL.java:490)
	at java.net.URL.<init>(URL.java:439)
	at com.testauto.container.test.LoginPpTest.setUp(LoginPpTest.java:26)
... Removed 22 stack frames]]>
    </failure>
  </testcase> <!-- @BeforeTest setUp -->
  <testcase name="@AfterTest tearDown" time="0.0" classname="com.testauto.container.test.LoginPpTest">
    <skipped/>
  </testcase> <!-- @AfterTest tearDown -->
  <testcase name="loginPPFailed" time="0.001" classname="com.testauto.container.test.LoginPpTest">
    <skipped/>
  </testcase> <!-- loginPPFailed -->
  <testcase name="loginPPSuccessfully" time="0.0" classname="com.testauto.container.test.LoginPpTest">
    <skipped/>
  </testcase> <!-- loginPPSuccessfully -->
</testsuite> <!-- Login successfully -->
